<?xml version="1.0" encoding="UTF-8"?>
<testsuite xmlns:xsi="http://www.w3.org/2001/XMLSchema-instance" xsi:noNamespaceSchemaLocation="https://maven.apache.org/surefire/maven-surefire-plugin/xsd/surefire-test-report-3.0.xsd" version="3.0" name="TestRunner.SmokeRunner" time="19.32" tests="1" errors="0" skipped="0" failures="0">
  <properties>
[...]
</properties>
  <testcase name="adding the employee from front end and verifying it from back end" classname="Add Employee" time="18.213">
    <system-out><![CDATA[
@database
Scenario: adding the employee from front end and verifying it from back end &amp#27;[90m# src/test/resources/Features/AddEmployee.feature:22&amp#27;[0m
  &amp#27;[32mWhen &amp#27;[0m&amp#27;[32muser enters valid email and valid password&amp#27;[0m                           &amp#27;[90m# StepDefinitions.Login.user_enters_valid_email_and_valid_password()&amp#27;[0m
  &amp#27;[32mAnd &amp#27;[0m&amp#27;[32mclick on login button&amp#27;[0m                                                 &amp#27;[90m# StepDefinitions.Login.click_on_login_button()&amp#27;[0m
  &amp#27;[32mWhen &amp#27;[0m&amp#27;[32muser clicks on PIM option&amp#27;[0m                                            &amp#27;[90m# StepDefinitions.AddEmployee.user_clicks_on_pim_option()&amp#27;[0m
  &amp#27;[32mAnd &amp#27;[0m&amp#27;[32muser clicks on add employee button&amp#27;[0m                                    &amp#27;[90m# StepDefinitions.AddEmployee.user_clicks_on_add_employee_button()&amp#27;[0m
  &amp#27;[32mAnd &amp#27;[0m&amp#27;[32muser enters &amp#27;[0m&amp#27;[32m&amp#27;[1m"nesha"&amp#27;[0m&amp#27;[32m and &amp#27;[0m&amp#27;[32m&amp#27;[1m"sania"&amp#27;[0m&amp#27;[32m and  &amp#27;[0m&amp#27;[32m&amp#27;[1m"standart"&amp#27;[0m                       &amp#27;[90m# StepDefinitions.AddEmployee.user_enters_and_and(java.lang.String,java.lang.String,java.lang.String)&amp#27;[0m
The employee id is: 49099318
  &amp#27;[32mAnd &amp#27;[0m&amp#27;[32muser captures the employee id&amp#27;[0m                                         &amp#27;[90m# StepDefinitions.AddEmployee.user_captures_the_employee_id()&amp#27;[0m
My assertion is returning true
  &amp#27;[32mAnd &amp#27;[0m&amp#27;[32muser clicks on save button&amp#27;[0m                                            &amp#27;[90m# StepDefinitions.AddEmployee.user_clicks_on_save_button()&amp#27;[0m
{emp_number=74563, employee_id=49099318, emp_lastname=standart, emp_firstname=nesha, emp_middle_name=sania, emp_nick_name=, emp_smoker=0, ethnic_race_code=null, emp_birthday=null, nation_code=null, emp_gender=null, emp_marital_status=null, emp_ssn_num=, emp_sin_num=, emp_other_id=, emp_dri_lice_num=, emp_dri_lice_exp_date=null, emp_military_service=, emp_status=null, job_title_code=null, eeo_cat_code=null, work_station=null, emp_street1=, emp_street2=, city_code=, coun_code=, provin_code=, emp_zipcode=null, emp_hm_telephone=null, emp_mobile=null, emp_work_telephone=null, emp_work_email=null, joined_date=null, emp_oth_email=null, termination_id=null, erep_sup_emp_number=null, erep_reporting_mode=null}
  &amp#27;[32mAnd &amp#27;[0m&amp#27;[32mquery the information in backend&amp#27;[0m                                      &amp#27;[90m# StepDefinitions.AddEmployee.query_the_information_in_backend()&amp#27;[0m
nesha
standart
My assertion has passed my test case
  &amp#27;[32mThen &amp#27;[0m&amp#27;[32mverify the results from frontend and backend&amp#27;[0m                         &amp#27;[90m# StepDefinitions.AddEmployee.verify_the_results_from_frontend_and_backend()&amp#27;[0m

    Embedding adding the employee from front end and verifying it from back end [image/png 150695 bytes]

]]></system-out>
    <system-err><![CDATA[SLF4J: Failed to load class "org.slf4j.impl.StaticLoggerBinder".
SLF4J: Defaulting to no-operation (NOP) logger implementation
SLF4J: See http://www.slf4j.org/codes.html#StaticLoggerBinder for further details.
ERROR StatusLogger Log4j2 could not find a logging implementation. Please add log4j-core to the classpath. Using SimpleLogger to log to the console...
Starting ChromeDriver 114.0.5735.90 (386bc09e8f4f2e025eddae123f36f6263096ae49-refs/branch-heads/5735@{#1052}) on port 19208
Only local connections are allowed.
Please see https://chromedriver.chromium.org/security-considerations for suggestions on keeping ChromeDriver safe.
ChromeDriver was started successfully.
июн. 14, 2023 10:06:07 PM org.openqa.selenium.devtools.CdpVersionFinder findNearestMatch
WARNING: Unable to find an exact match for CDP version 114, so returning the closest version found: 111
]]></system-err>
  </testcase>
</testsuite>